-------------------------------------------------------------------------------
Test set: examples.mock.InterpreterTest
-------------------------------------------------------------------------------
Tests run: 1, Failures: 1, Errors: 0, Skipped: 0, Time elapsed: 0.72 sec <<< FAILURE! - in examples.mock.InterpreterTest
testAdd34(examples.mock.InterpreterTest)  Time elapsed: 0.467 sec  <<< FAILURE!
java.lang.AssertionError: value is:-1
	at examples.mock.InterpreterTest.testAdd34(InterpreterTest.java:45)

